#
# There is insufficient memory for the Java Runtime Environment to continue.
# Native memory allocation (malloc) failed to allocate 35651584 bytes for committing reserved memory.
# Possible reasons:
#   The system is out of physical RAM or swap space
#   In 32 bit mode, the process size limit was hit
# Possible solutions:
#   Reduce memory load on the system
#   Increase physical memory or swap space
#   Check if swap backing store is full
#   Use 64 bit Java on a 64 bit OS
#   Decrease Java heap size (-Xmx/-Xms)
#   Decrease number of Java threads
#   Decrease Java thread stack sizes (-Xss)
#   Set larger code cache with -XX:ReservedCodeCacheSize=
# This output file may be truncated or incomplete.
#
#  Out of Memory Error (os_linux.cpp:2809), pid=3175, tid=140385040955136
#
# JRE version: OpenJDK Runtime Environment (7.0_79-b14) (build 1.7.0_79-b14)
# Java VM: OpenJDK 64-Bit Server VM (24.79-b02 mixed mode linux-amd64 compressed oops)
# Derivative: IcedTea 2.5.6
# Distribution: Ubuntu 14.04 LTS, package 7u79-2.5.6-0ubuntu1.14.04.1
# Failed to write core dump. Core dumps have been disabled. To enable core dumping, try "ulimit -c unlimited" before starting Java again
#

---------------  T H R E A D  ---------------

Current thread (0x00007fadf40f9800):  VMThread [stack: 0x00007fadf06f7000,0x00007fadf07f8000] [id=3179]

Stack: [0x00007fadf06f7000,0x00007fadf07f8000],  sp=0x00007fadf07f6490,  free space=1021k
Native frames: (J=compiled Java code, j=interpreted, Vv=VM code, C=native code)
V  [libjvm.so+0x94afd5]  VMError::report_and_die()+0x175
V  [libjvm.so+0x48b9f4]  report_vm_out_of_memory(char const*, int, unsigned long, char const*)+0x74
V  [libjvm.so+0x7c809b]  os::pd_commit_memory(char*, unsigned long, unsigned long, bool)+0xeb
V  [libjvm.so+0x7c2b3f]  os::commit_memory(char*, unsigned long, unsigned long, bool)+0x1f
V  [libjvm.so+0x83503b]  PSVirtualSpace::expand_by(unsigned long)+0x5b
V  [libjvm.so+0x835e90]  PSYoungGen::resize_generation(unsigned long, unsigned long)+0xb0
V  [libjvm.so+0x83657b]  PSYoungGen::resize(unsigned long, unsigned long)+0x1b
V  [libjvm.so+0x832860]  PSScavenge::invoke_no_policy()+0xde0
V  [libjvm.so+0x833038]  PSScavenge::invoke()+0x38
V  [libjvm.so+0x7e9723]  ParallelScavengeHeap::failed_mem_allocate(unsigned long)+0x63
V  [libjvm.so+0x94c9d4]  VM_ParallelGCFailedAllocation::doit()+0x84
V  [libjvm.so+0x950ed7]  VM_Operation::evaluate()+0x47
V  [libjvm.so+0x94f848]  VMThread::evaluate_operation(VM_Operation*)+0x318
V  [libjvm.so+0x94fca9]  VMThread::loop()+0x219
V  [libjvm.so+0x9500f2]  VMThread::run()+0x72
V  [libjvm.so+0x7c4f62]  java_start(Thread*)+0xf2

VM_Operation (0x00007fade18e0f70): ParallelGCFailedAllocation, mode: safepoint, requested by thread 0x00007fadb8001800


---------------  P R O C E S S  ---------------

Java Threads: ( => current thread )
  0x00007fadb8001800 JavaThread "localhost-startStop-1" daemon [_thread_blocked, id=3189, stack(0x00007fade17e2000,0x00007fade18e3000)]
  0x00007fadf4d23800 JavaThread "Tomcat-startStop-1" daemon [_thread_blocked, id=3188, stack(0x00007fade18e3000,0x00007fade19e4000)]
  0x00007fadf4184000 JavaThread "Service Thread" daemon [_thread_blocked, id=3186, stack(0x00007fade3319000,0x00007fade341a000)]
  0x00007fadf4178000 JavaThread "C2 CompilerThread1" daemon [_thread_blocked, id=3185, stack(0x00007fadf00f1000,0x00007fadf01f2000)]
  0x00007fadf4181000 JavaThread "C2 CompilerThread0" daemon [_thread_blocked, id=3184, stack(0x00007fadf01f2000,0x00007fadf02f3000)]
  0x00007fadf4183000 JavaThread "Monitor Ctrl-Break" daemon [_thread_in_native, id=3183, stack(0x00007fadf02f3000,0x00007fadf03f4000)]
  0x00007fadf412d000 JavaThread "Signal Dispatcher" daemon [_thread_blocked, id=3182, stack(0x00007fadf03f4000,0x00007fadf04f5000)]
  0x00007fadf4100000 JavaThread "Finalizer" daemon [_thread_blocked, id=3181, stack(0x00007fadf04f5000,0x00007fadf05f6000)]
  0x00007fadf40fe000 JavaThread "Reference Handler" daemon [_thread_blocked, id=3180, stack(0x00007fadf05f6000,0x00007fadf06f7000)]
  0x00007fadf400b800 JavaThread "main" [_thread_blocked, id=3176, stack(0x00007fadfdae6000,0x00007fadfdbe7000)]

Other Threads:
=>0x00007fadf40f9800 VMThread [stack: 0x00007fadf06f7000,0x00007fadf07f8000] [id=3179]
  0x00007fadf418e800 WatcherThread [stack: 0x00007fade294c000,0x00007fade2a4d000] [id=3187]

VM state:at safepoint (normal execution)

VM Mutex/Monitor currently owned by a thread:  ([mutex/lock_event])
[0x00007fadf4007a50] Threads_lock - owner thread: 0x00007fadf40f9800
[0x00007fadf4007f50] Heap_lock - owner thread: 0x00007fadb8001800

Heap
 PSYoungGen      total 121344K, used 17386K [0x00000000f2200000, 0x00000000fb800000, 0x0000000100000000)
  eden space 103936K, 0% used [0x00000000f2200000,0x00000000f2200000,0x00000000f8780000)
  from space 17408K, 99% used [0x00000000fa700000,0x00000000fb7faa78,0x00000000fb800000)
  to   space 12288K, 0% used [0x00000000f8780000,0x00000000f8780000,0x00000000f9380000)
 ParOldGen       total 37888K, used 31204K [0x00000000d6600000, 0x00000000d8b00000, 0x00000000f2200000)
  object space 37888K, 82% used [0x00000000d6600000,0x00000000d8479008,0x00000000d8b00000)
 PSPermGen       total 40448K, used 27060K [0x00000000cc000000, 0x00000000ce780000, 0x00000000d6600000)
  object space 40448K, 66% used [0x00000000cc000000,0x00000000cda6d290,0x00000000ce780000)

Card table byte_map: [0x00007fadfa37d000,0x00007fadfa51e000] byte_map_base: 0x00007fadf9d1d000

Polling page: 0x00007fadfdc08000

Code Cache  [0x00007fadf1000000, 0x00007fadf1270000, 0x00007fadf4000000)
 total_blobs=1040 nmethods=698 adapters=294 free_code_cache=46885Kb largest_free_block=47916736

Compilation events (10 events):
Event: 8.383 Thread 0x00007fadf4181000 nmethod 742 0x00007fadf10c19d0 code [0x00007fadf10c1b20, 0x00007fadf10c1b98]
Event: 8.383 Thread 0x00007fadf4178000  743             java.util.zip.ZipFile::access$300 (5 bytes)
Event: 8.383 Thread 0x00007fadf4178000 nmethod 743 0x00007fadf10b0c90 code [0x00007fadf10b0dc0, 0x00007fadf10b0e18]
Event: 8.410 Thread 0x00007fadf4178000  744 %           sun.misc.URLClassPath::getResource @ 39 (74 bytes)
Event: 8.471 Thread 0x00007fadf4181000  745             java.util.HashMap::newKeyIterator (10 bytes)
Event: 8.484 Thread 0x00007fadf4181000 nmethod 745 0x00007fadf10fe0d0 code [0x00007fadf10fe220, 0x00007fadf10fe4f8]
Event: 8.484 Thread 0x00007fadf4181000  746             java.util.HashMap$KeyIterator::<init> (6 bytes)
Event: 8.486 Thread 0x00007fadf4181000 nmethod 746 0x00007fadf1132890 code [0x00007fadf11329e0, 0x00007fadf1132bd8]
Event: 8.486 Thread 0x00007fadf4181000  747             java.util.HashMap$KeyIterator::<init> (11 bytes)
Event: 8.489 Thread 0x00007fadf4181000 nmethod 747 0x00007fadf111a290 code [0x00007fadf111a3e0, 0x00007fadf111a5d8]

GC Heap History (10 events):
Event: 3.104 GC heap after
Heap after GC invocations=8 (full 0):
 PSYoungGen      total 73728K, used 5907K [0x00000000f2200000, 0x00000000f7300000, 0x0000000100000000)
  eden space 67584K, 0% used [0x00000000f2200000,0x00000000f2200000,0x00000000f6400000)
  from space 6144K, 96% used [0x00000000f6b00000,0x00000000f70c4fe0,0x00000000f7100000)
  to   space 7168K, 0% used [0x00000000f6400000,0x00000000f6400000,0x00000000f6b00000)
 ParOldGen       total 20992K, used 8117K [0x00000000d6600000, 0x00000000d7a80000, 0x00000000f2200000)
  object space 20992K, 38% used [0x00000000d6600000,0x00000000d6ded640,0x00000000d7a80000)
 PSPermGen       total 21504K, used 16047K [0x00000000cc000000, 0x00000000cd500000, 0x00000000d6600000)
  object space 21504K, 74% used [0x00000000cc000000,0x00000000ccfabcb0,0x00000000cd500000)
}
Event: 4.415 GC heap before
{Heap before GC invocations=9 (full 0):
 PSYoungGen      total 73728K, used 73491K [0x00000000f2200000, 0x00000000f7300000, 0x0000000100000000)
  eden space 67584K, 100% used [0x00000000f2200000,0x00000000f6400000,0x00000000f6400000)
  from space 6144K, 96% used [0x00000000f6b00000,0x00000000f70c4fe0,0x00000000f7100000)
  to   space 7168K, 0% used [0x00000000f6400000,0x00000000f6400000,0x00000000f6b00000)
 ParOldGen       total 20992K, used 8117K [0x00000000d6600000, 0x00000000d7a80000, 0x00000000f2200000)
  object space 20992K, 38% used [0x00000000d6600000,0x00000000d6ded640,0x00000000d7a80000)
 PSPermGen       total 21504K, used 20178K [0x00000000cc000000, 0x00000000cd500000, 0x00000000d6600000)
  object space 21504K, 93% used [0x00000000cc000000,0x00000000cd3b4bd8,0x00000000cd500000)
Event: 4.438 GC heap after
Heap after GC invocations=9 (full 0):
 PSYoungGen      total 74752K, used 7141K [0x00000000f2200000, 0x00000000fa300000, 0x0000000100000000)
  eden space 67584K, 0% used [0x00000000f2200000,0x00000000f2200000,0x00000000f6400000)
  from space 7168K, 99% used [0x00000000f6400000,0x00000000f6af96f0,0x00000000f6b00000)
  to   space 11776K, 0% used [0x00000000f9780000,0x00000000f9780000,0x00000000fa300000)
 ParOldGen       total 20992K, used 17265K [0x00000000d6600000, 0x00000000d7a80000, 0x00000000f2200000)
  object space 20992K, 82% used [0x00000000d6600000,0x00000000d76dc550,0x00000000d7a80000)
 PSPermGen       total 21504K, used 20178K [0x00000000cc000000, 0x00000000cd500000, 0x00000000d6600000)
  object space 21504K, 93% used [0x00000000cc000000,0x00000000cd3b4bd8,0x00000000cd500000)
}
Event: 4.439 GC heap before
{Heap before GC invocations=10 (full 1):
 PSYoungGen      total 74752K, used 7141K [0x00000000f2200000, 0x00000000fa300000, 0x0000000100000000)
  eden space 67584K, 0% used [0x00000000f2200000,0x00000000f2200000,0x00000000f6400000)
  from space 7168K, 99% used [0x00000000f6400000,0x00000000f6af96f0,0x00000000f6b00000)
  to   space 11776K, 0% used [0x00000000f9780000,0x00000000f9780000,0x00000000fa300000)
 ParOldGen       total 20992K, used 17265K [0x00000000d6600000, 0x00000000d7a80000, 0x00000000f2200000)
  object space 20992K, 82% used [0x00000000d6600000,0x00000000d76dc550,0x00000000d7a80000)
 PSPermGen       total 21504K, used 20178K [0x00000000cc000000, 0x00000000cd500000, 0x00000000d6600000)
  object space 21504K, 93% used [0x00000000cc000000,0x00000000cd3b4bd8,0x00000000cd500000)
Event: 4.572 GC heap after
Heap after GC invocations=10 (full 1):
 PSYoungGen      total 74752K, used 0K [0x00000000f2200000, 0x00000000fa300000, 0x0000000100000000)
  eden space 67584K, 0% used [0x00000000f2200000,0x00000000f2200000,0x00000000f6400000)
  from space 7168K, 0% used [0x00000000f6400000,0x00000000f6400000,0x00000000f6b00000)
  to   space 11776K, 0% used [0x00000000f9780000,0x00000000f9780000,0x00000000fa300000)
 ParOldGen       total 37888K, used 18656K [0x00000000d6600000, 0x00000000d8b00000, 0x00000000f2200000)
  object space 37888K, 49% used [0x00000000d6600000,0x00000000d7838238,0x00000000d8b00000)
 PSPermGen       total 40448K, used 20169K [0x00000000cc000000, 0x00000000ce780000, 0x00000000d6600000)
  object space 40448K, 49% used [0x00000000cc000000,0x00000000cd3b2658,0x00000000ce780000)
}
Event: 5.961 GC heap before
{Heap before GC invocations=11 (full 1):
 PSYoungGen      total 74752K, used 67584K [0x00000000f2200000, 0x00000000fa300000, 0x0000000100000000)
  eden space 67584K, 100% used [0x00000000f2200000,0x00000000f6400000,0x00000000f6400000)
  from space 7168K, 0% used [0x00000000f6400000,0x00000000f6400000,0x00000000f6b00000)
  to   space 11776K, 0% used [0x00000000f9780000,0x00000000f9780000,0x00000000fa300000)
 ParOldGen       total 37888K, used 18656K [0x00000000d6600000, 0x00000000d8b00000, 0x00000000f2200000)
  object space 37888K, 49% used [0x00000000d6600000,0x00000000d7838238,0x00000000d8b00000)
 PSPermGen       total 40448K, used 25731K [0x00000000cc000000, 0x00000000ce780000, 0x00000000d6600000)
  object space 40448K, 63% used [0x00000000cc000000,0x00000000cd920c68,0x00000000ce780000)
Event: 6.001 GC heap after
Heap after GC invocations=11 (full 1):
 PSYoungGen      total 97792K, used 8063K [0x00000000f2200000, 0x00000000f9f80000, 0x0000000100000000)
  eden space 89600K, 0% used [0x00000000f2200000,0x00000000f2200000,0x00000000f7980000)
  from space 8192K, 98% used [0x00000000f9780000,0x00000000f9f5ff70,0x00000000f9f80000)
  to   space 12288K, 0% used [0x00000000f8780000,0x00000000f8780000,0x00000000f9380000)
 ParOldGen       total 37888K, used 18656K [0x00000000d6600000, 0x00000000d8b00000, 0x00000000f2200000)
  object space 37888K, 49% used [0x00000000d6600000,0x00000000d7838238,0x00000000d8b00000)
 PSPermGen       total 40448K, used 25731K [0x00000000cc000000, 0x00000000ce780000, 0x00000000d6600000)
  object space 40448K, 63% used [0x00000000cc000000,0x00000000cd920c68,0x00000000ce780000)
}
Event: 7.483 GC heap before
{Heap before GC invocations=12 (full 1):
 PSYoungGen      total 97792K, used 97663K [0x00000000f2200000, 0x00000000f9f80000, 0x0000000100000000)
  eden space 89600K, 100% used [0x00000000f2200000,0x00000000f7980000,0x00000000f7980000)
  from space 8192K, 98% used [0x00000000f9780000,0x00000000f9f5ff70,0x00000000f9f80000)
  to   space 12288K, 0% used [0x00000000f8780000,0x00000000f8780000,0x00000000f9380000)
 ParOldGen       total 37888K, used 18656K [0x00000000d6600000, 0x00000000d8b00000, 0x00000000f2200000)
  object space 37888K, 49% used [0x00000000d6600000,0x00000000d7838238,0x00000000d8b00000)
 PSPermGen       total 40448K, used 27019K [0x00000000cc000000, 0x00000000ce780000, 0x00000000d6600000)
  object space 40448K, 66% used [0x00000000cc000000,0x00000000cda62d00,0x00000000ce780000)
Event: 7.537 GC heap after
Heap after GC invocations=12 (full 1):
 PSYoungGen      total 116224K, used 12276K [0x00000000f2200000, 0x00000000fb800000, 0x0000000100000000)
  eden space 103936K, 0% used [0x00000000f2200000,0x00000000f2200000,0x00000000f8780000)
  from space 12288K, 99% used [0x00000000f8780000,0x00000000f937d130,0x00000000f9380000)
  to   space 17408K, 0% used [0x00000000fa700000,0x00000000fa700000,0x00000000fb800000)
 ParOldGen       total 37888K, used 27016K [0x00000000d6600000, 0x00000000d8b00000, 0x00000000f2200000)
  object space 37888K, 71% used [0x00000000d6600000,0x00000000d8062048,0x00000000d8b00000)
 PSPermGen       total 40448K, used 27019K [0x00000000cc000000, 0x00000000ce780000, 0x00000000d6600000)
  object space 40448K, 66% used [0x00000000cc000000,0x00000000cda62d00,0x00000000ce780000)
}
Event: 8.812 GC heap before
{Heap before GC invocations=13 (full 1):
 PSYoungGen      total 116224K, used 116212K [0x00000000f2200000, 0x00000000fb800000, 0x0000000100000000)
  eden space 103936K, 100% used [0x00000000f2200000,0x00000000f8780000,0x00000000f8780000)
  from space 12288K, 99% used [0x00000000f8780000,0x00000000f937d130,0x00000000f9380000)
  to   space 17408K, 0% used [0x00000000fa700000,0x00000000fa700000,0x00000000fb800000)
 ParOldGen       total 37888K, used 27016K [0x00000000d6600000, 0x00000000d8b00000, 0x00000000f2200000)
  object space 37888K, 71% used [0x00000000d6600000,0x00000000d8062048,0x00000000d8b00000)
 PSPermGen       total 40448K, used 27060K [0x00000000cc000000, 0x00000000ce780000, 0x00000000d6600000)
  object space 40448K, 66% used [0x00000000cc000000,0x00000000cda6d290,0x00000000ce780000)

Deoptimization events (10 events):
Event: 6.700 Thread 0x00007fadb8001800 Uncommon trap: reason=class_check action=maybe_recompile pc=0x00007fadf11e1d58 method=sun.misc.URLClassPath.findResource(Ljava/lang/String;Z)Ljava/net/URL; @ 17
Event: 6.701 Thread 0x00007fadb8001800 Uncommon trap: reason=class_check action=maybe_recompile pc=0x00007fadf11e1d58 method=sun.misc.URLClassPath.findResource(Ljava/lang/String;Z)Ljava/net/URL; @ 17
Event: 6.706 Thread 0x00007fadb8001800 Uncommon trap: reason=class_check action=maybe_recompile pc=0x00007fadf1207b14 method=sun.misc.Resource.getBytes()[B @ 10
Event: 6.830 Thread 0x00007fadb8001800 Uncommon trap: reason=unloaded action=reinterpret pc=0x00007fadf11f1630 method=org.apache.tomcat.util.bcel.classfile.Constant.readConstant(Ljava/io/DataInputStream;)Lorg/apache/tomcat/util/bcel/classfile/Constant; @ 146
Event: 6.830 Thread 0x00007fadb8001800 Uncommon trap: reason=unloaded action=reinterpret pc=0x00007fadf117a160 method=org.apache.tomcat.util.bcel.classfile.Constant.readConstant(Ljava/io/DataInputStream;)Lorg/apache/tomcat/util/bcel/classfile/Constant; @ 146
Event: 6.952 Thread 0x00007fadb8001800 Uncommon trap: reason=unloaded action=reinterpret pc=0x00007fadf1211ec4 method=org.apache.tomcat.util.bcel.classfile.Attribute.readAttribute(Ljava/io/DataInputStream;Lorg/apache/tomcat/util/bcel/classfile/ConstantPool;)Lorg/apache/tomcat/util/bcel/classfi
Event: 7.256 Thread 0x00007fadb8001800 Uncommon trap: reason=unloaded action=reinterpret pc=0x00007fadf1175678 method=org.apache.tomcat.util.bcel.classfile.Constant.readConstant(Ljava/io/DataInputStream;)Lorg/apache/tomcat/util/bcel/classfile/Constant; @ 164
Event: 7.337 Thread 0x00007fadb8001800 Uncommon trap: reason=unreached action=reinterpret pc=0x00007fadf12434b8 method=java.util.HashMap.removeEntryForKey(Ljava/lang/Object;)Ljava/util/HashMap$Entry; @ 47
Event: 7.578 Thread 0x00007fadf4100000 Uncommon trap: reason=bimorphic action=maybe_recompile pc=0x00007fadf1083088 method=java.util.WeakHashMap.eq(Ljava/lang/Object;Ljava/lang/Object;)Z @ 7
Event: 8.342 Thread 0x00007fadb8001800 Uncommon trap: reason=unreached action=reinterpret pc=0x00007fadf124a84c method=java.util.jar.JarFile.maybeInstantiateVerifier()V @ 21

Internal exceptions (10 events):
Event: 6.705 Thread 0x00007fadb8001800 Threw 0x00000000f322d720 at /build/openjdk-7-FO0dNI/openjdk-7-7u79-2.5.6/build/openjdk/hotspot/src/share/vm/prims/jvm.cpp:1284
Event: 6.706 Thread 0x00007fadb8001800 Threw 0x00000000f3234bd0 at /build/openjdk-7-FO0dNI/openjdk-7-7u79-2.5.6/build/openjdk/hotspot/src/share/vm/prims/jvm.cpp:1284
Event: 6.706 Thread 0x00007fadb8001800 Threw 0x00000000f3235118 at /build/openjdk-7-FO0dNI/openjdk-7-7u79-2.5.6/build/openjdk/hotspot/src/share/vm/prims/jvm.cpp:1284
Event: 7.602 Thread 0x00007fadb8001800 Threw 0x00000000f23792c0 at /build/openjdk-7-FO0dNI/openjdk-7-7u79-2.5.6/build/openjdk/hotspot/src/share/vm/prims/jvm.cpp:1284
Event: 7.603 Thread 0x00007fadb8001800 Threw 0x00000000f2379c08 at /build/openjdk-7-FO0dNI/openjdk-7-7u79-2.5.6/build/openjdk/hotspot/src/share/vm/prims/jvm.cpp:1284
Event: 7.605 Thread 0x00007fadb8001800 Threw 0x00000000f2384550 at /build/openjdk-7-FO0dNI/openjdk-7-7u79-2.5.6/build/openjdk/hotspot/src/share/vm/prims/jvm.cpp:1284
Event: 7.605 Thread 0x00007fadb8001800 Threw 0x00000000f2384f98 at /build/openjdk-7-FO0dNI/openjdk-7-7u79-2.5.6/build/openjdk/hotspot/src/share/vm/prims/jvm.cpp:1284
Event: 7.605 Thread 0x00007fadb8001800 Threw 0x00000000f238efa0 at /build/openjdk-7-FO0dNI/openjdk-7-7u79-2.5.6/build/openjdk/hotspot/src/share/vm/prims/jvm.cpp:1284
Event: 7.605 Thread 0x00007fadb8001800 Threw 0x00000000f238f928 at /build/openjdk-7-FO0dNI/openjdk-7-7u79-2.5.6/build/openjdk/hotspot/src/share/vm/prims/jvm.cpp:1284
Event: 8.335 Thread 0x00007fadb8001800 Implicit null exception at 0x00007fadf124a50b to 0x00007fadf124a83d

Events (10 events):
Event: 8.192 Thread 0x00007fadf4181000 flushing nmethod 0x00007fadf10fdf90
Event: 8.338 Thread 0x00007fadb8001800 Uncommon trap: trap_request=0xffffffad fr.pc=0x00007fadf124a84c
Event: 8.344 Thread 0x00007fadb8001800 DEOPT PACKING pc=0x00007fadf124a84c sp=0x00007fade18e0e30
Event: 8.345 Thread 0x00007fadb8001800 DEOPT UNPACKING pc=0x00007fadf1039445 sp=0x00007fade18e0df0 mode 2
Event: 8.383 Thread 0x00007fadf4181000 flushing nmethod 0x00007fadf1132510
Event: 8.486 Thread 0x00007fadf4181000 flushing nmethod 0x00007fadf119acd0
Event: 8.486 Thread 0x00007fadf4181000 flushing nmethod 0x00007fadf119c990
Event: 8.489 Thread 0x00007fadf4181000 flushing nmethod 0x00007fadf11b4050
Event: 8.489 Thread 0x00007fadf4181000 flushing nmethod 0x00007fadf11b4590
Event: 8.797 Executing VM operation: ParallelGCFailedAllocation


Dynamic libraries:
00400000-00401000 r-xp 00000000 00:12 211960                             /usr/lib/jvm/java-7-openjdk-amd64/jre/bin/java
00600000-00601000 r--p 00000000 00:12 211960                             /usr/lib/jvm/java-7-openjdk-amd64/jre/bin/java
00601000-00602000 rw-p 00001000 00:12 211960                             /usr/lib/jvm/java-7-openjdk-amd64/jre/bin/java
017a3000-017c4000 rw-p 00000000 00:00 0                                  [heap]
cc000000-ce780000 rw-p 00000000 00:00 0 
ce780000-d6600000 rw-p 00000000 00:00 0 
d6600000-d8b00000 rw-p 00000000 00:00 0 
d8b00000-f2200000 rw-p 00000000 00:00 0 
f2200000-fb800000 rw-p 00000000 00:00 0 
fda00000-100000000 rw-p 00000000 00:00 0 
7fadb8000000-7fadb8021000 rw-p 00000000 00:00 0 
7fadb8021000-7fadbc000000 ---p 00000000 00:00 0 
7fadbc000000-7fadbe976000 rw-p 00000000 00:00 0 
7fadbe976000-7fadc0000000 ---p 00000000 00:00 0 
7fadc0000000-7fadc0021000 rw-p 00000000 00:00 0 
7fadc0021000-7fadc4000000 ---p 00000000 00:00 0 
7fadc4000000-7fadc4021000 rw-p 00000000 00:00 0 
7fadc4021000-7fadc8000000 ---p 00000000 00:00 0 
7fadc8000000-7fadc89ea000 rw-p 00000000 00:00 0 
7fadc89ea000-7fadcc000000 ---p 00000000 00:00 0 
7fadcc000000-7fadcc968000 rw-p 00000000 00:00 0 
7fadcc968000-7fadd0000000 ---p 00000000 00:00 0 
7fadd0000000-7fadd0021000 rw-p 00000000 00:00 0 
7fadd0021000-7fadd4000000 ---p 00000000 00:00 0 
7fadd4000000-7fadd405f000 rw-p 00000000 00:00 0 
7fadd405f000-7fadd8000000 ---p 00000000 00:00 0 
7fadd8000000-7fadd8021000 rw-p 00000000 00:00 0 
7fadd8021000-7faddc000000 ---p 00000000 00:00 0 
7faddc000000-7faddc021000 rw-p 00000000 00:00 0 
7faddc021000-7fade0000000 ---p 00000000 00:00 0 
7fade16cc000-7fade16cd000 rw-p 00000000 00:00 0 
7fade16cd000-7fade16db000 r--s 00090000 00:12 237962                     /home/user/.m2/repository/org/hibernate/hibernate-entitymanager/4.3.5.Final/hibernate-entitymanager-4.3.5.Final.jar
7fade16db000-7fade16dd000 r--s 00011000 00:12 237959                     /home/user/.m2/repository/org/jboss/jandex/1.1.0.Final/jandex-1.1.0.Final.jar
7fade16dd000-7fade16e2000 r--s 00068000 00:12 237956                     /home/user/.m2/repository/antlr/antlr/2.7.7/antlr-2.7.7.jar
7fade16e2000-7fade16ec000 r--s 000a5000 00:12 237984                     /home/user/.m2/repository/org/javassist/javassist/3.18.1-GA/javassist-3.18.1-GA.jar
7fade16ec000-7fade16f1000 r--s 00017000 00:12 237977                     /home/user/.m2/repository/org/hibernate/javax/persistence/hibernate-jpa-2.1-api/1.0.0.Final/hibernate-jpa-2.1-api-1.0.0.Final.jar
7fade16f1000-7fade16f4000 r--s 00010000 00:12 237978                     /home/user/.m2/repository/org/hibernate/common/hibernate-commons-annotations/4.0.4.Final/hibernate-commons-annotations-4.0.4.Final.jar
7fade16f4000-7fade16f9000 r--s 00016000 00:12 237939                     /home/user/.m2/repository/xml-apis/xml-apis/1.0.b2/xml-apis-1.0.b2.jar
7fade16f9000-7fade16fe000 r--s 00048000 00:12 237972                     /home/user/.m2/repository/dom4j/dom4j/1.6.1/dom4j-1.6.1.jar
7fade16fe000-7fade16ff000 r--s 00006000 00:12 237981                     /home/user/.m2/repository/org/jboss/spec/javax/transaction/jboss-transaction-api_1.2_spec/1.0.0.Final/jboss-transaction-api_1.2_spec-1.0.0.Final.jar
7fade16ff000-7fade1700000 r--s 00002000 00:12 237969                     /home/user/.m2/repository/org/jboss/logging/jboss-logging-annotations/1.2.0.Beta1/jboss-logging-annotations-1.2.0.Beta1.jar
7fade1700000-7fade1702000 r--s 0000c000 00:12 237965                     /home/user/.m2/repository/org/jboss/logging/jboss-logging/3.1.3.GA/jboss-logging-3.1.3.GA.jar
7fade1702000-7fade175f000 r--s 004a0000 00:12 237924                     /home/user/.m2/repository/org/hibernate/hibernate-core/4.3.5.Final/hibernate-core-4.3.5.Final.jar
7fade175f000-7fade1767000 r--s 000c3000 00:12 237926                     /home/user/.m2/repository/mysql/mysql-connector-java/5.1.21/mysql-connector-java-5.1.21.jar
7fade1767000-7fade1771000 r--s 0005c000 00:12 227398                     /home/user/.m2/repository/javax/servlet/jstl/1.2/jstl-1.2.jar
7fade1771000-7fade1783000 r--s 000b4000 00:12 227379                     /home/user/.m2/repository/org/springframework/spring-web/4.3.0.RELEASE/spring-web-4.3.0.RELEASE.jar
7fade1783000-7fade1788000 r--s 0003c000 00:12 227375                     /home/user/.m2/repository/org/springframework/spring-expression/4.3.0.RELEASE/spring-expression-4.3.0.RELEASE.jar
7fade1788000-7fade178a000 r--s 0000e000 00:12 227371                     /home/user/.m2/repository/commons-logging/commons-logging/1.2/commons-logging-1.2.jar
7fade178a000-7fade17a1000 r--s 000f9000 00:12 227390                     /home/user/.m2/repository/org/springframework/spring-core/4.3.0.RELEASE/spring-core-4.3.0.RELEASE.jar
7fade17a1000-7fade17ba000 r--s 000fc000 00:12 227387                     /home/user/.m2/repository/org/springframework/spring-context/4.3.0.RELEASE/spring-context-4.3.0.RELEASE.jar
7fade17ba000-7fade17c7000 r--s 000ab000 00:12 227384                     /home/user/.m2/repository/org/springframework/spring-beans/4.3.0.RELEASE/spring-beans-4.3.0.RELEASE.jar
7fade17c7000-7fade17d0000 r--s 00054000 00:12 227381                     /home/user/.m2/repository/org/springframework/spring-aop/4.3.0.RELEASE/spring-aop-4.3.0.RELEASE.jar
7fade17d0000-7fade17e2000 r--s 000cc000 00:12 227317                     /home/user/.m2/repository/org/springframework/spring-webmvc/4.3.0.RELEASE/spring-webmvc-4.3.0.RELEASE.jar
7fade17e2000-7fade17e5000 ---p 00000000 00:00 0 
7fade17e5000-7fade18e3000 rw-p 00000000 00:00 0 
7fade18e3000-7fade18e6000 ---p 00000000 00:00 0 
7fade18e6000-7fade19e4000 rw-p 00000000 00:00 0 
7fade19e4000-7fade19ee000 r--s 000ae000 00:12 211851                     /usr/lib/jvm/java-7-openjdk-amd64/jre/lib/resources.jar
7fade19ee000-7fade19f6000 r-xp 00000000 00:12 211904                     /usr/lib/jvm/java-7-openjdk-amd64/jre/lib/amd64/libmanagement.so
7fade19f6000-7fade1bf5000 ---p 00008000 00:12 211904                     /usr/lib/jvm/java-7-openjdk-amd64/jre/lib/amd64/libmanagement.so
7fade1bf5000-7fade1bf6000 r--p 00007000 00:12 211904                     /usr/lib/jvm/java-7-openjdk-amd64/jre/lib/amd64/libmanagement.so
7fade1bf6000-7fade1bf7000 rw-p 00008000 00:12 211904                     /usr/lib/jvm/java-7-openjdk-amd64/jre/lib/amd64/libmanagement.so
7fade1bf7000-7fade1bf9000 r--s 00003000 00:12 228484                     /home/user/.m2/repository/org/slf4j/jcl-over-slf4j/1.7.5/jcl-over-slf4j-1.7.5.jar
7fade1bf9000-7fade1bfb000 r--s 00002000 00:12 228471                     /home/user/.m2/repository/org/sonatype/plexus/plexus-cipher/1.4/plexus-cipher-1.4.jar
7fade1bfb000-7fade1bfc000 r--s 00006000 00:12 228468                     /home/user/.m2/repository/org/sonatype/plexus/plexus-sec-dispatcher/1.3/plexus-sec-dispatcher-1.3.jar
7fade1bfc000-7fade1bfd000 r--s 00002000 00:12 228454                     /home/user/.m2/repository/org/apache/maven/doxia/doxia-logging-api/1.1/doxia-logging-api-1.1.jar
7fade1bfd000-7fade1bff000 r--s 00002000 00:12 228449                     /home/user/.m2/repository/org/apache/maven/doxia/doxia-sink-api/1.1/doxia-sink-api-1.1.jar
7fade1bff000-7fade1c00000 r--s 00002000 00:12 228447                     /home/user/.m2/repository/org/apache/maven/reporting/maven-reporting-api/2.2.1/maven-reporting-api-2.2.1.jar
7fade1c00000-7fade1c02000 r--s 00009000 00:12 228437                     /home/user/.m2/repository/org/apache/maven/shared/maven-filtering/1.0/maven-filtering-1.0.jar
7fade1c02000-7fade1c06000 r--s 00037000 00:12 228435                     /home/user/.m2/repository/org/codehaus/plexus/plexus-utils/3.0.15/plexus-utils-3.0.15.jar
7fade1c06000-7fade1c09000 r--s 0000c000 00:12 228431                     /home/user/.m2/repository/org/codehaus/plexus/plexus-io/2.0.3/plexus-io-2.0.3.jar
7fade1c09000-7fade1c0b000 r--s 00011000 00:12 228424                     /home/user/.m2/repository/org/hamcrest/hamcrest-core/1.1/hamcrest-core-1.1.jar
7fade1c0b000-7fade1c12000 r--s 00037000 00:12 228422                     /home/user/.m2/repository/junit/junit/4.10/junit-4.10.jar
7fade1c12000-7fade1c17000 r--s 00029000 00:12 228414                     /home/user/.m2/repository/org/codehaus/plexus/plexus-archiver/2.1.1/plexus-archiver-2.1.1.jar
7fade1c17000-7fade1c1b000 r--s 00014000 00:12 228411                     /home/user/.m2/repository/org/tukaani/xz/1.0/xz-1.0.jar
7fade1c1b000-7fade1c20000 r--s 00036000 00:12 228409                     /home/user/.m2/repository/org/apache/commons/commons-compress/1.4.1/commons-compress-1.4.1.jar
7fade1c20000-7fade1c25000 r--s 00041000 00:12 228406                     /home/user/.m2/repository/commons-lang/commons-lang/2.6/commons-lang-2.6.jar
7fade1c25000-7fade1c29000 r--s 00027000 00:12 228402                     /home/user/.m2/repository/commons-io/commons-io/2.2/commons-io-2.2.jar
7fade1c29000-7fade1c2a000 r--s 00004000 00:12 228387                     /home/user/.m2/repository/org/apache/maven/maven-archiver/2.4.2/maven-archiver-2.4.2.jar
7fade1c2a000-7fade1c2c000 r--s 00009000 00:12 228381                     /home/user/.m2/repository/commons-cli/commons-cli/1.2/commons-cli-1.2.jar
7fade1c2c000-7fade1c2e000 r--s 00005000 00:12 228377                     /home/user/.m2/repository/org/apache/tomcat/maven/tomcat7-war-runner/2.2/tomcat7-war-runner-2.2.jar
7fade1c2e000-7fade1c34000 r--s 00033000 00:12 228375                     /home/user/.m2/repository/commons-codec/commons-codec/1.6/commons-codec-1.6.jar
7fade1c34000-7fade1c36000 r--s 0000e000 00:12 228368                     /home/user/.m2/repository/commons-logging/commons-logging/1.1.3/commons-logging-1.1.3.jar
7fade1c36000-7fade1c3c000 r--s 0003f000 00:12 228364                     /home/user/.m2/repository/org/apache/httpcomponents/httpcore/4.3/httpcore-4.3.jar
7fade1c3c000-7fade1c47000 r--s 00084000 00:12 228361                     /home/user/.m2/repository/org/apache/httpcomponents/httpclient/4.3.1/httpclient-4.3.1.jar
7fade1c47000-7fade1c4a000 r--s 00006000 00:12 228359                     /home/user/.m2/repository/com/google/code/findbugs/jsr305/1.3.9/jsr305-1.3.9.jar
7fade1c4a000-7fade1c68000 r--s 00151000 00:12 228355                     /home/user/.m2/repository/com/google/guava/guava/10.0.1/guava-10.0.1.jar
7fade1c68000-7fade1c70000 r--s 00049000 00:12 228349                     /home/user/.m2/repository/backport-util-concurrent/backport-util-concurrent/3.1/backport-util-concurrent-3.1.jar
7fade1c70000-7fade1c72000 r--s 00008000 00:12 228337                     /home/user/.m2/repository/org/apache/tomcat/maven/common-tomcat-maven-plugin/2.2/common-tomcat-maven-plugin-2.2.jar
7fade1c72000-7fade1c81000 r--s 001a9000 00:12 228335                     /home/user/.m2/repository/org/eclipse/jdt/core/compiler/ecj/4.2.2/ecj-4.2.2.jar
7fade1c81000-7fade1c83000 r--s 00013000 00:12 228330                     /home/user/.m2/repository/org/apache/tomcat/embed/tomcat-embed-logging-log4j/7.0.47/tomcat-embed-logging-log4j-7.0.47.jar
7fade1c83000-7fade1c85000 r--s 00008000 00:12 228326                     /home/user/.m2/repository/org/apache/tomcat/embed/tomcat-embed-logging-juli/7.0.47/tomcat-embed-logging-juli-7.0.47.jar
7fade1c85000-7fade1c87000 r--s 00008000 00:12 228324                     /home/user/.m2/repository/org/apache/tomcat/tomcat-juli/7.0.47/tomcat-juli-7.0.47.jar
7fade1c87000-7fade1c89000 r--s 0001f000 00:12 228316                     /home/user/.m2/repository/org/apache/tomcat/tomcat-catalina-ha/7.0.47/tomcat-catalina-ha-7.0.47.jar
7fade1c89000-7fade1c8d000 r--s 0003b000 00:12 228314                     /home/user/.m2/repository/org/apache/tomcat/tomcat-tribes/7.0.47/tomcat-tribes-7.0.47.jar
7fade1c8d000-7fade1c9f000 r--s 00171000 00:12 228312                     /home/user/.m2/repository/org/apache/tomcat/tomcat-catalina/7.0.47/tomcat-catalina-7.0.47.jar
7fade1c9f000-7fade1ca1000 r--s 0000a000 00:12 228306                     /home/user/.m2/repository/org/apache/tomcat/tomcat-el-api/7.0.47/tomcat-el-api-7.0.47.jar
7fade1ca1000-7fade1ca4000 r--s 0001c000 00:12 228304                     /home/user/.m2/repository/org/apache/tomcat/tomcat-jasper-el/7.0.47/tomcat-jasper-el-7.0.47.jar
7fade1ca4000-7fade1cac000 r--s 0008b000 00:12 228302                     /home/user/.m2/repository/org/apache/tomcat/tomcat-jasper/7.0.47/tomcat-jasper-7.0.47.jar
7fade1cac000-7fade1caf000 r--s 00013000 00:12 228297                     /home/user/.m2/repository/org/apache/tomcat/tomcat-jsp-api/7.0.47/tomcat-jsp-api-7.0.47.jar
7fade1caf000-7fade1cb2000 r--s 00029000 00:12 228294                     /home/user/.m2/repository/org/apache/tomcat/tomcat-servlet-api/7.0.47/tomcat-servlet-api-7.0.47.jar
7fade1cb2000-7fade1cc2000 r-xp 00000000 00:12 211915                     /usr/lib/jvm/java-7-openjdk-amd64/jre/lib/amd64/libnio.so
7fade1cc2000-7fade1ec2000 ---p 00010000 00:12 211915                     /usr/lib/jvm/java-7-openjdk-amd64/jre/lib/amd64/libnio.so
7fade1ec2000-7fade1ec3000 r--p 00010000 00:12 211915                     /usr/lib/jvm/java-7-openjdk-amd64/jre/lib/amd64/libnio.so
7fade1ec3000-7fade1ec4000 rw-p 00011000 00:12 211915                     /usr/lib/jvm/java-7-openjdk-amd64/jre/lib/amd64/libnio.so
7fade1ec4000-7fade1f01000 r-xp 00000000 00:12 642350                     /lib/x86_64-linux-gnu/libpcre.so.3.13.1
7fade1f01000-7fade2100000 ---p 0003d000 00:12 642350                     /lib/x86_64-linux-gnu/libpcre.so.3.13.1
7fade2100000-7fade2101000 r--p 0003c000 00:12 642350                     /lib/x86_64-linux-gnu/libpcre.so.3.13.1
7fade2101000-7fade2102000 rw-p 0003d000 00:12 642350                     /lib/x86_64-linux-gnu/libpcre.so.3.13.1
7fade2102000-7fade2109000 r-xp 00000000 00:12 535925                     /usr/lib/x86_64-linux-gnu/libffi.so.6.0.1
7fade2109000-7fade2308000 ---p 00007000 00:12 535925                     /usr/lib/x86_64-linux-gnu/libffi.so.6.0.1
7fade2308000-7fade2309000 r--p 00006000 00:12 535925                     /usr/lib/x86_64-linux-gnu/libffi.so.6.0.1
7fade2309000-7fade230a000 rw-p 00007000 00:12 535925                     /usr/lib/x86_64-linux-gnu/libffi.so.6.0.1
7fade230a000-7fade2321000 r-xp 00000000 00:12 938833                     /lib/x86_64-linux-gnu/libresolv-2.19.so
7fade2321000-7fade2521000 ---p 00017000 00:12 938833                     /lib/x86_64-linux-gnu/libresolv-2.19.so
7fade2521000-7fade2522000 r--p 00017000 00:12 938833                     /lib/x86_64-linux-gnu/libresolv-2.19.so
7fade2522000-7fade2523000 rw-p 00018000 00:12 938833                     /lib/x86_64-linux-gnu/libresolv-2.19.so
7fade2523000-7fade2525000 rw-p 00000000 00:00 0 
7fade2525000-7fade2545000 r-xp 00000000 00:12 10252                      /lib/x86_64-linux-gnu/libselinux.so.1
7fade2545000-7fade2744000 ---p 00020000 00:12 10252                      /lib/x86_64-linux-gnu/libselinux.so.1
7fade2744000-7fade2745000 r--p 0001f000 00:12 10252                      /lib/x86_64-linux-gnu/libselinux.so.1
7fade2745000-7fade2746000 rw-p 00020000 00:12 10252                      /lib/x86_64-linux-gnu/libselinux.so.1
7fade2746000-7fade2748000 rw-p 00000000 00:00 0 
7fade2748000-7fade274b000 r-xp 00000000 00:12 22166                      /usr/lib/x86_64-linux-gnu/libgmodule-2.0.so.0.4002.0
7fade274b000-7fade294a000 ---p 00003000 00:12 22166                      /usr/lib/x86_64-linux-gnu/libgmodule-2.0.so.0.4002.0
7fade294a000-7fade294b000 r--p 00002000 00:12 22166                      /usr/lib/x86_64-linux-gnu/libgmodule-2.0.so.0.4002.0
7fade294b000-7fade294c000 rw-p 00003000 00:12 22166                      /usr/lib/x86_64-linux-gnu/libgmodule-2.0.so.0.4002.0
7fade294c000-7fade294d000 ---p 00000000 00:00 0 
7fade294d000-7fade2a4d000 rw-p 00000000 00:00 0 
7fade2a4d000-7fade2b53000 r-xp 00000000 00:12 10153                      /lib/x86_64-linux-gnu/libglib-2.0.so.0.4002.0
7fade2b53000-7fade2d52000 ---p 00106000 00:12 10153                      /lib/x86_64-linux-gnu/libglib-2.0.so.0.4002.0
7fade2d52000-7fade2d53000 r--p 00105000 00:12 10153                      /lib/x86_64-linux-gnu/libglib-2.0.so.0.4002.0
7fade2d53000-7fade2d54000 rw-p 00106000 00:12 10153                      /lib/x86_64-linux-gnu/libglib-2.0.so.0.4002.0
7fade2d54000-7fade2d55000 rw-p 00000000 00:00 0 
7fade2d55000-7fade2da4000 r-xp 00000000 00:12 22178                      /usr/lib/x86_64-linux-gnu/libgobject-2.0.so.0.4002.0
7fade2da4000-7fade2fa4000 ---p 0004f000 00:12 22178                      /usr/lib/x86_64-linux-gnu/libgobject-2.0.so.0.4002.0
7fade2fa4000-7fade2fa5000 r--p 0004f000 00:12 22178                      /usr/lib/x86_64-linux-gnu/libgobject-2.0.so.0.4002.0
7fade2fa5000-7fade2fa6000 rw-p 00050000 00:12 22178                      /usr/lib/x86_64-linux-gnu/libgobject-2.0.so.0.4002.0
7fade2fa6000-7fade3112000 r-xp 00000000 00:12 22156                      /usr/lib/x86_64-linux-gnu/libgio-2.0.so.0.4002.0
7fade3112000-7fade3311000 ---p 0016c000 00:12 22156                      /usr/lib/x86_64-linux-gnu/libgio-2.0.so.0.4002.0
7fade3311000-7fade3315000 r--p 0016b000 00:12 22156                      /usr/lib/x86_64-linux-gnu/libgio-2.0.so.0.4002.0
7fade3315000-7fade3317000 rw-p 0016f000 00:12 22156                      /usr/lib/x86_64-linux-gnu/libgio-2.0.so.0.4002.0
7fade3317000-7fade3319000 rw-p 00000000 00:00 0 
7fade3319000-7fade331c000 ---p 00000000 00:00 0 
7fade331c000-7fade341a000 rw-p 00000000 00:00 0 
7fade341a000-7fade3431000 r-xp 00000000 00:12 211910                     /usr/lib/jvm/java-7-openjdk-amd64/jre/lib/amd64/libnet.so
7fade3431000-7fade3630000 ---p 00017000 00:12 211910                     /usr/lib/jvm/java-7-openjdk-amd64/jre/lib/amd64/libnet.so
7fade3630000-7fade3631000 r--p 00016000 00:12 211910                     /usr/lib/jvm/java-7-openjdk-amd64/jre/lib/amd64/libnet.so
7fade3631000-7fade3632000 rw-p 00017000 00:12 211910                     /usr/lib/jvm/java-7-openjdk-amd64/jre/lib/amd64/libnet.so
7fade3632000-7fade4000000 r--p 00000000 00:12 15604                      /usr/lib/locale/locale-archive
7fade4000000-7fade4022000 rw-p 00000000 00:00 0 
7fade4022000-7fade8000000 ---p 00000000 00:00 0 
7fade8000000-7fade8240000 rw-p 00000000 00:00 0 
7fade8240000-7fadec000000 ---p 00000000 00:00 0 
7fadec000000-7fadec021000 rw-p 00000000 00:00 0 
7fadec021000-7fadf0000000 ---p 00000000 00:00 0 
7fadf0000000-7fadf0001000 r--s 00003000 00:12 228319                     /home/user/.m2/repository/org/apache/tomcat/tomcat-annotations-api/7.0.47/tomcat-annotations-api-7.0.47.jar
7fadf0001000-7fadf0005000 r--s 00036000 00:12 228292                     /home/user/.m2/repository/org/apache/tomcat/tomcat-dbcp/7.0.47/tomcat-dbcp-7.0.47.jar
7fadf0005000-7fadf0007000 r--s 0001d000 00:12 228288                     /home/user/.m2/repository/org/apache/tomcat/tomcat-jdbc/7.0.47/tomcat-jdbc-7.0.47.jar
7fadf0007000-7fadf0008000 r--s 00001000 00:12 228285                     /home/user/.m2/repository/org/apache/tomcat/tomcat-api/7.0.47/tomcat-api-7.0.47.jar
7fadf0008000-7fadf0016000 r--s 000be000 00:12 228283                     /home/user/.m2/repository/org/apache/tomcat/tomcat-coyote/7.0.47/tomcat-coyote-7.0.47.jar
7fadf0016000-7fadf0017000 r--s 00005000 00:12 228286                     /home/user/.m2/repository/org/apache/tomcat/tomcat-util/7.0.47/tomcat-util-7.0.47.jar
7fadf0017000-7fadf003e000 r--s 00290000 00:12 228281                     /home/user/.m2/repository/org/apache/tomcat/embed/tomcat-embed-core/7.0.47/tomcat-embed-core-7.0.47.jar
7fadf003e000-7fadf0040000 r--s 0001a000 00:12 227448                     /home/user/.m2/repository/org/apache/tomcat/maven/tomcat7-maven-plugin/2.2/tomcat7-maven-plugin-2.2.jar
7fadf0040000-7fadf00ab000 r--s 0069e000 00:12 224494                     /usr/lib/jvm/java-7-openjdk-amd64/lib/tools.jar
7fadf00ab000-7fadf00ae000 r--s 0001b000 00:12 229455                     /home/user/.m2/repository/junit/junit/3.8.2/junit-3.8.2.jar
7fadf00ae000-7fadf00bc000 r--s 0008f000 00:12 229450                     /home/user/.m2/repository/com/google/collections/google-collections/1.0/google-collections-1.0.jar
7fadf00bc000-7fadf00bd000 r--s 0000a000 00:12 229448                     /home/user/.m2/repository/commons-logging/commons-logging-api/1.1/commons-logging-api-1.1.jar
7fadf00bd000-7fadf00c4000 r--s 00051000 00:12 229445                     /home/user/.m2/repository/log4j/log4j/1.2.12/log4j-1.2.12.jar
7fadf00c4000-7fadf00c8000 r--s 0001d000 00:12 229443                     /home/user/.m2/repository/org/apache/xbean/xbean-reflect/3.4/xbean-reflect-3.4.jar
7fadf00c8000-7fadf00c9000 r--s 00004000 00:12 229438                     /home/user/.m2/repository/org/codehaus/plexus/plexus-compiler-javac/2.2/plexus-compiler-javac-2.2.jar
7fadf00c9000-7fadf00cb000 r--s 00000000 00:12 229434                     /home/user/.m2/repository/org/codehaus/plexus/plexus-compiler-manager/2.2/plexus-compiler-manager-2.2.jar
7fadf00cb000-7fadf00cd000 r--s 00005000 00:12 229429                     /home/user/.m2/repository/org/codehaus/plexus/plexus-compiler-api/2.2/plexus-compiler-api-2.2.jar
7fadf00cd000-7fadf00cf000 r--s 00000000 00:12 228373                     /home/user/.m2/repository/org/codehaus/plexus/plexus-component-annotations/1.5.5/plexus-component-annotations-1.5.5.jar
7fadf00cf000-7fadf00d1000 r--s 00002000 00:12 229427                     /home/user/.m2/repository/org/apache/maven/shared/maven-shared-incremental/1.1/maven-shared-incremental-1.1.jar
7fadf00d1000-7fadf00d3000 r--s 00006000 00:12 229424                     /home/user/.m2/repository/com/google/code/findbugs/jsr305/2.0.1/jsr305-2.0.1.jar
7fadf00d3000-7fadf00d6000 r--s 00023000 00:12 229422                     /home/user/.m2/repository/org/apache/maven/shared/maven-shared-utils/0.1/maven-shared-utils-0.1.jar
7fadf00d6000-7fadf00da000 r--s 00030000 00:12 229380                     /home/user/.m2/repository/org/codehaus/plexus/plexus-utils/1.5.1/plexus-utils-1.5.1.jar
7fadf00da000-7fadf00dc000 r--s 00009000 00:12 229084                     /home/user/.m2/repository/org/apache/maven/plugins/maven-compiler-plugin/3.1/maven-compiler-plugin-3.1.jar
7fadf00dc000-7fadf00de000 r--s 0000d000 00:12 228396                     /home/user/.m2/repository/org/codehaus/plexus/plexus-interpolation/1.13/plexus-interpolation-1.13.jar
7fadf00de000-7fadf00df000 r--s 00001000 00:12 228481                     /home/user/.m2/repository/org/sonatype/plexus/plexus-build-api/0.0.4/plexus-build-api-0.0.4.jar
7fadf00df000-7fadf00e1000 r--s 00009000 00:12 228879                     /home/user/.m2/repository/org/apache/maven/shared/maven-filtering/1.1/maven-filtering-1.1.jar
7fadf00e1000-7fadf00e5000 r--s 00033000 00:12 228873                     /home/user/.m2/repository/org/codehaus/plexus/plexus-utils/2.0.5/plexus-utils-2.0.5.jar
7fadf00e5000-7fadf00e8000 r--s 0001b000 00:12 227315                     /home/user/.m2/repository/junit/junit/3.8.1/junit-3.8.1.jar
7fadf00e8000-7fadf00ea000 r--s 00002000 00:12 228465                     /home/user/.m2/repository/org/codehaus/plexus/plexus-interactivity-api/1.0-alpha-4/plexus-interactivity-api-1.0-alpha-4.jar
7fadf00ea000-7fadf00ec000 r--s 00006000 00:12 228854                     /home/user/.m2/repository/commons-cli/commons-cli/1.0/commons-cli-1.0.jar
7fadf00ec000-7fadf00f1000 r--s 0004d000 00:12 211855                     /usr/lib/jvm/java-7-openjdk-amd64/jre/lib/jsse.jar
7fadf00f1000-7fadf00f4000 ---p 00000000 00:00 0 
7fadf00f4000-7fadf01f2000 rw-p 00000000 00:00 0 
7fadf01f2000-7fadf01f5000 ---p 00000000 00:00 0 
7fadf01f5000-7fadf02f3000 rw-p 00000000 00:00 0 
7fadf02f3000-7fadf02f6000 ---p 00000000 00:00 0 
7fadf02f6000-7fadf03f4000 rw-p 00000000 00:00 0 
7fadf03f4000-7fadf03f7000 ---p 00000000 00:00 0 
7fadf03f7000-7fadf04f5000 rw-p 00000000 00:00 0 
7fadf04f5000-7fadf04f8000 ---p 00000000 00:00 0 
7fadf04f8000-7fadf05f6000 rw-p 00000000 00:00 0 
7fadf05f6000-7fadf05f9000 ---p 00000000 00:00 0 
7fadf05f9000-7fadf06f7000 rw-p 00000000 00:00 0 
7fadf06f7000-7fadf06f8000 ---p 00000000 00:00 0 
7fadf06f8000-7fadf1000000 rw-p 00000000 00:00 0 
7fadf1000000-7fadf1270000 rwxp 00000000 00:00 0 
7fadf1270000-7fadf4d38000 rw-p 00000000 00:00 0 
7fadf4d38000-7fadf8000000 ---p 00000000 00:00 0 
7fadf8000000-7fadf8001000 r--s 00001000 00:12 228844                     /home/user/.m2/repository/org/apache/maven/doxia/doxia-sink-api/1.0-alpha-7/doxia-sink-api-1.0-alpha-7.jar
7fadf8001000-7fadf8002000 r--s 00002000 00:12 228841                     /home/user/.m2/repository/org/apache/maven/reporting/maven-reporting-api/2.0.6/maven-reporting-api-2.0.6.jar
7fadf8002000-7fadf8004000 r--s 00006000 00:12 228666                     /home/user/.m2/repository/org/apache/maven/plugins/maven-resources-plugin/2.6/maven-resources-plugin-2.6.jar
7fadf8004000-7fadf8007000 r--s 0000b000 00:12 215974                     /home/user/Desktop/idea-IU-171.4073.35/plugins/maven/lib/maven3/lib/wagon-provider-api-2.10.jar
7fadf8007000-7fadf8008000 r--s 00002000 00:12 215971                     /home/user/Desktop/idea-IU-171.4073.35/plugins/maven/lib/maven3/lib/wagon-http-shared-2.10.jar
7fadf8008000-7fadf8036000 r--s 001fa000 00:12 215970                     /home/user/Desktop/idea-IU-171.4073.35/plugins/maven/lib/maven3/lib/wagon-http-2.10-shaded.jar
7fadf8036000-7fadf8037000 r--s 00002000 00:12 215968                     /home/user/Desktop/idea-IU-171.4073.35/plugins/maven/lib/maven3/lib/wagon-file-2.10.jar
7fadf8037000-7fadf8038000 r--s 00002000 00:12 215966                     /home/user/Desktop/idea-IU-171.4073.35/plugins/maven/lib/maven3/lib/slf4j-simple-1.7.5.jar
7fadf8038000-7fadf803a000 r--s 00005000 00:12 215964                     /home/user/Desktop/idea-IU-171.4073.35/plugins/maven/lib/maven3/lib/slf4j-api-1.7.5.jar
7fadf803a000-7fadf803e000 r--s 00038000 00:12 215963                     /home/user/Desktop/idea-IU-171.4073.35/plugins/maven/lib/maven3/lib/plexus-utils-3.0.22.jar
7fadf803e000-7fadf803f000 r--s 00006000 00:12 215961                     /home/user/Desktop/idea-IU-171.4073.35/plugins/maven/lib/maven3/lib/plexus-sec-dispatcher-1.3.jar
7fadf803f000-7fadf8042000 r--s 0000d000 00:12 215960                     /home/user/Desktop/idea-IU-171.4073.35/plugins/maven/lib/maven3/lib/plexus-interpolation-1.21.jar
7fadf8042000-7fadf8044000 r--s 00000000 00:12 215959                     /home/user/Desktop/idea-IU-171.4073.35/plugins/maven/lib/maven3/lib/plexus-component-annotations-1.6.jar
7fadf8044000-7fadf8046000 r--s 00002000 00:12 215957                     /home/user/Desktop/idea-IU-171.4073.35/plugins/maven/lib/maven3/lib/plexus-cipher-1.7.jar
7fadf8046000-7fadf804c000 r--s 0002d000 00:12 215955                     /home/user/Desktop/idea-IU-171.4073.35/plugins/maven/lib/maven3/lib/org.eclipse.sisu.plexus-0.3.2.jar
7fadf804c000-7fadf8054000 r--s 00055000 00:12 215953                     /home/user/Desktop/idea-IU-171.4073.35/plugins/maven/lib/maven3/lib/org.eclipse.sisu.inject-0.3.2.jar
7fadf8054000-7fadf8056000 r--s 00009000 00:12 215950                     /home/user/Desktop/idea-IU-171.4073.35/plugins/maven/lib/maven3/lib/maven-settings-builder-3.3.9.jar
7fadf8056000-7fadf8057000 r--s 0000a000 00:12 215949                     /home/user/Desktop/idea-IU-171.4073.35/plugins/maven/lib/maven3/lib/maven-settings-3.3.9.jar
7fadf8057000-7fadf8058000 r--s 00006000 00:12 215947                     /home/user/Desktop/idea-IU-171.4073.35/plugins/maven/lib/maven3/lib/maven-repository-metadata-3.3.9.jar
7fadf8058000-7fadf805a000 r--s 0000a000 00:12 215945                     /home/user/Desktop/idea-IU-171.4073.35/plugins/maven/lib/maven3/lib/maven-plugin-api-3.3.9.jar
7fadf805a000-7fadf805f000 r--s 00027000 00:12 215942                     /home/user/Desktop/idea-IU-171.4073.35/plugins/maven/lib/maven3/lib/maven-model-builder-3.3.9.jar
7fadf805f000-7fadf8062000 r--s 00026000 00:12 215941                     /home/user/Desktop/idea-IU-171.4073.35/plugins/maven/lib/maven3/lib/maven-model-3.3.9.jar
7fadf8062000-7fadf8065000 r--s 00013000 00:12 215939                     /home/user/Desktop/idea-IU-171.4073.35/plugins/maven/lib/maven3/lib/maven-embedder-3.3.9.jar
7fadf8065000-7fadf8072000 r--s 0008f000 00:12 215937                     /home/user/Desktop/idea-IU-171.4073.35/plugins/maven/lib/maven3/lib/maven-core-3.3.9.jar
7fadf8072000-7fadf8078000 r--s 00041000 00:12 215935                     /home/user/Desktop/idea-IU-171.4073.35/plugins/maven/lib/maven3/lib/maven-compat-3.3.9.jar
7fadf8078000-7fadf8079000 r--s 00003000 00:12 215933                     /home/user/Desktop/idea-IU-171.4073.35/plugins/maven/lib/maven3/lib/maven-builder-support-3.3.9.jar
7fadf8079000-7fadf807b000 r--s 0000c000 00:12 215931                     /home/user/Desktop/idea-IU-171.4073.35/plugins/maven/lib/maven3/lib/maven-artifact-3.3.9.jar
7fadf807b000-7fadf807d000 r--s 0000f000 00:12 215929                     /home/user/Desktop/idea-IU-171.4073.35/plugins/maven/lib/maven3/lib/maven-aether-provider-3.3.9.jar
7fadf807d000-7fadf807e000 r--s 00001000 00:12 215927                     /home/user/Desktop/idea-IU-171.4073.35/plugins/maven/lib/maven3/lib/jsr250-api-1.0.jar
7fadf807e000-7fadf8084000 r--s 00042000 00:12 215925                     /home/user/Desktop/idea-IU-171.4073.35/plugins/maven/lib/maven3/lib/jsoup-1.7.2.jar
7fadf8084000-7fadf808d000 r--s 0005f000 00:12 215923                     /home/user/Desktop/idea-IU-171.4073.35/plugins/maven/lib/maven3/lib/guice-4.0-no_aop.jar
7fadf808d000-7fadf80b8000 r--s 001fc000 00:12 215922                     /home/user/Desktop/idea-IU-171.4073.35/plugins/maven/lib/maven3/lib/guava-18.0.jar
7fadf80b8000-7fadf80bf000 r--s 00064000 00:12 215918                     /home/user/Desktop/idea-IU-171.4073.35/plugins/maven/lib/maven3/lib/commons-lang3-3.4.jar
7fadf80bf000-7fadf80c4000 r--s 00041000 00:12 215917                     /home/user/Desktop/idea-IU-171.4073.35/plugins/maven/lib/maven3/lib/commons-lang-2.6.jar
7fadf80c4000-7fadf80c8000 r--s 00027000 00:12 215916                     /home/user/Desktop/idea-IU-171.4073.35/plugins/maven/lib/maven3/lib/commons-io-2.2.jar
7fadf80c8000-7fadf80ca000 r--s 00009000 00:12 215915                     /home/user/Desktop/idea-IU-171.4073.35/plugins/maven/lib/maven3/lib/commons-cli-1.2.jar
7fadf80ca000-7fadf80cd000 r--s 00008000 00:12 215913                     /home/user/Desktop/idea-IU-171.4073.35/plugins/maven/lib/maven3/lib/cdi-api-1.0.jar
7fadf80cd000-7fadf80cf000 r--s 00000000 00:12 215912                     /home/user/Desktop/idea-IU-171.4073.35/plugins/maven/lib/maven3/lib/aopalliance-1.0.jar
7fadf80cf000-7fadf80d3000 r--s 00020000 00:12 215910                     /home/user/Desktop/idea-IU-171.4073.35/plugins/maven/lib/maven3/lib/aether-util-1.0.2.v20150114.jar
7fadf80d3000-7fadf80d5000 r--s 00005000 00:12 215908                     /home/user/Desktop/idea-IU-171.4073.35/plugins/maven/lib/maven3/lib/aether-transport-wagon-1.0.2.v20150114.jar
7fadf80d5000-7fadf80d9000 r--s 00027000 00:12 215904                     /home/user/Desktop/idea-IU-171.4073.35/plugins/maven/lib/maven3/lib/aether-impl-1.0.2.v20150114.jar
7fadf80d9000-7fadf80de000 r--s 0001d000 00:12 215900                     /home/user/Desktop/idea-IU-171.4073.35/plugins/maven/lib/maven3/lib/aether-api-1.0.2.v20150114.jar
7fadf80de000-7fadf8228000 rw-p 00000000 00:00 0 
7fadf8228000-7fadf83d9000 r--s 01d29000 00:12 211848                     /usr/lib/jvm/java-7-openjdk-amd64/jre/lib/rt.jar
7fadf83d9000-7fadfa04a000 rw-p 00000000 00:00 0 
7fadfa04a000-7fadfa04b000 ---p 00000000 00:00 0 
7fadfa04b000-7fadfa14b000 rw-p 00000000 00:00 0 
7fadfa14b000-7fadfa14c000 ---p 00000000 00:00 0 
7fadfa14c000-7fadfa260000 rw-p 00000000 00:00 0 
7fadfa260000-7fadfa29f000 rw-p 00000000 00:00 0 
7fadfa29f000-7fadfa2b2000 rw-p 00000000 00:00 0 
7fadfa2b2000-7fadfa37d000 rw-p 00000000 00:00 0 
7fadfa37d000-7fadfa391000 rw-p 00000000 00:00 0 
7fadfa391000-7fadfa3d0000 rw-p 00000000 00:00 0 
7fadfa3d0000-7fadfa3e3000 rw-p 00000000 00:00 0 
7fadfa3e3000-7fadfa4ae000 rw-p 00000000 00:00 0 
7fadfa4ae000-7fadfa4f9000 rw-p 00000000 00:00 0 
7fadfa4f9000-7fadfa51d000 rw-p 00000000 00:00 0 
7fadfa51d000-7fadfa51e000 rw-p 00000000 00:00 0 
7fadfa51e000-7fadfa526000 r-xp 00000000 00:12 211881                     /usr/lib/jvm/java-7-openjdk-amd64/jre/lib/amd64/libzip.so
7fadfa526000-7fadfa725000 ---p 00008000 00:12 211881                     /usr/lib/jvm/java-7-openjdk-amd64/jre/lib/amd64/libzip.so
7fadfa725000-7fadfa726000 r--p 00007000 00:12 211881                     /usr/lib/jvm/java-7-openjdk-amd64/jre/lib/amd64/libzip.so
7fadfa726000-7fadfa727000 rw-p 00008000 00:12 211881                     /usr/lib/jvm/java-7-openjdk-amd64/jre/lib/amd64/libzip.so
7fadfa727000-7fadfa731000 r-xp 00000000 00:12 938849                     /lib/x86_64-linux-gnu/libnss_files-2.19.so
7fadfa731000-7fadfa930000 ---p 0000a000 00:12 938849                     /lib/x86_64-linux-gnu/libnss_files-2.19.so
7fadfa930000-7fadfa931000 r--p 00009000 00:12 938849                     /lib/x86_64-linux-gnu/libnss_files-2.19.so
7fadfa931000-7fadfa932000 rw-p 0000a000 00:12 938849                     /lib/x86_64-linux-gnu/libnss_files-2.19.so
7fadfa932000-7fadfa93d000 r-xp 00000000 00:12 938834                     /lib/x86_64-linux-gnu/libnss_nis-2.19.so
7fadfa93d000-7fadfab3c000 ---p 0000b000 00:12 938834                     /lib/x86_64-linux-gnu/libnss_nis-2.19.so
7fadfab3c000-7fadfab3d000 r--p 0000a000 00:12 938834                     /lib/x86_64-linux-gnu/libnss_nis-2.19.so
7fadfab3d000-7fadfab3e000 rw-p 0000b000 00:12 938834                     /lib/x86_64-linux-gnu/libnss_nis-2.19.so
7fadfab3e000-7fadfab55000 r-xp 00000000 00:12 938843                     /lib/x86_64-linux-gnu/libnsl-2.19.so
7fadfab55000-7fadfad54000 ---p 00017000 00:12 938843                     /lib/x86_64-linux-gnu/libnsl-2.19.so
7fadfad54000-7fadfad55000 r--p 00016000 00:12 938843                     /lib/x86_64-linux-gnu/libnsl-2.19.so
7fadfad55000-7fadfad56000 rw-p 00017000 00:12 938843                     /lib/x86_64-linux-gnu/libnsl-2.19.so
7fadfad56000-7fadfad58000 rw-p 00000000 00:00 0 
7fadfad58000-7fadfad61000 r-xp 00000000 00:12 938841                     /lib/x86_64-linux-gnu/libnss_compat-2.19.so
7fadfad61000-7fadfaf60000 ---p 00009000 00:12 938841                     /lib/x86_64-linux-gnu/libnss_compat-2.19.so
7fadfaf60000-7fadfaf61000 r--p 00008000 00:12 938841                     /lib/x86_64-linux-gnu/libnss_compat-2.19.so
7fadfaf61000-7fadfaf62000 rw-p 00009000 00:12 938841                     /lib/x86_64-linux-gnu/libnss_compat-2.19.so
7fadfaf62000-7fadfaf6c000 r-xp 00000000 00:12 211911                     /usr/lib/jvm/java-7-openjdk-amd64/jre/lib/amd64/libinstrument.so
7fadfaf6c000-7fadfb16b000 ---p 0000a000 00:12 211911                     /usr/lib/jvm/java-7-openjdk-amd64/jre/lib/amd64/libinstrument.so
7fadfb16b000-7fadfb16c000 r--p 00009000 00:12 211911                     /usr/lib/jvm/java-7-openjdk-amd64/jre/lib/amd64/libinstrument.so
7fadfb16c000-7fadfb16d000 rw-p 0000a000 00:12 211911                     /usr/lib/jvm/java-7-openjdk-amd64/jre/lib/amd64/libinstrument.so
7fadfb16d000-7fadfb198000 r-xp 00000000 00:12 211918                     /usr/lib/jvm/java-7-openjdk-amd64/jre/lib/amd64/libjava.so
7fadfb198000-7fadfb397000 ---p 0002b000 00:12 211918                     /usr/lib/jvm/java-7-openjdk-amd64/jre/lib/amd64/libjava.so
7fadfb397000-7fadfb398000 r--p 0002a000 00:12 211918                     /usr/lib/jvm/java-7-openjdk-amd64/jre/lib/amd64/libjava.so
7fadfb398000-7fadfb39a000 rw-p 0002b000 00:12 211918                     /usr/lib/jvm/java-7-openjdk-amd64/jre/lib/amd64/libjava.so
7fadfb39a000-7fadfb3aa000 r-xp 00000000 00:12 211899                     /usr/lib/jvm/java-7-openjdk-amd64/jre/lib/amd64/libverify.so
7fadfb3aa000-7fadfb5a9000 ---p 00010000 00:12 211899                     /usr/lib/jvm/java-7-openjdk-amd64/jre/lib/amd64/libverify.so
7fadfb5a9000-7fadfb5ab000 r--p 0000f000 00:12 211899                     /usr/lib/jvm/java-7-openjdk-amd64/jre/lib/amd64/libverify.so
7fadfb5ab000-7fadfb5ac000 rw-p 00011000 00:12 211899                     /usr/lib/jvm/java-7-openjdk-amd64/jre/lib/amd64/libverify.so
7fadfb5ac000-7fadfb5b3000 r-xp 00000000 00:12 938831                     /lib/x86_64-linux-gnu/librt-2.19.so
7fadfb5b3000-7fadfb7b2000 ---p 00007000 00:12 938831                     /lib/x86_64-linux-gnu/librt-2.19.so
7fadfb7b2000-7fadfb7b3000 r--p 00006000 00:12 938831                     /lib/x86_64-linux-gnu/librt-2.19.so
7fadfb7b3000-7fadfb7b4000 rw-p 00007000 00:12 938831                     /lib/x86_64-linux-gnu/librt-2.19.so
7fadfb7b4000-7fadfb7ca000 r-xp 00000000 00:12 532933                     /lib/x86_64-linux-gnu/libgcc_s.so.1
7fadfb7ca000-7fadfb9c9000 ---p 00016000 00:12 532933                     /lib/x86_64-linux-gnu/libgcc_s.so.1
7fadfb9c9000-7fadfb9ca000 rw-p 00015000 00:12 532933                     /lib/x86_64-linux-gnu/libgcc_s.so.1
7fadfb9ca000-7fadfbacf000 r-xp 00000000 00:12 938844                     /lib/x86_64-linux-gnu/libm-2.19.so
7fadfbacf000-7fadfbcce000 ---p 00105000 00:12 938844                     /lib/x86_64-linux-gnu/libm-2.19.so
7fadfbcce000-7fadfbccf000 r--p 00104000 00:12 938844                     /lib/x86_64-linux-gnu/libm-2.19.so
7fadfbccf000-7fadfbcd0000 rw-p 00105000 00:12 938844                     /lib/x86_64-linux-gnu/libm-2.19.so
7fadfbcd0000-7fadfbdb6000 r-xp 00000000 00:12 680681                     /usr/lib/x86_64-linux-gnu/libstdc++.so.6.0.19
7fadfbdb6000-7fadfbfb5000 ---p 000e6000 00:12 680681                     /usr/lib/x86_64-linux-gnu/libstdc++.so.6.0.19
7fadfbfb5000-7fadfbfbd000 r--p 000e5000 00:12 680681                     /usr/lib/x86_64-linux-gnu/libstdc++.so.6.0.19
7fadfbfbd000-7fadfbfbf000 rw-p 000ed000 00:12 680681                     /usr/lib/x86_64-linux-gnu/libstdc++.so.6.0.19
7fadfbfbf000-7fadfbfd4000 rw-p 00000000 00:00 0 
7fadfbfd4000-7fadfcaed000 r-xp 00000000 00:12 211887                     /usr/lib/jvm/java-7-openjdk-amd64/jre/lib/amd64/server/libjvm.so
7fadfcaed000-7fadfcced000 ---p 00b19000 00:12 211887                     /usr/lib/jvm/java-7-openjdk-amd64/jre/lib/amd64/server/libjvm.so
7fadfcced000-7fadfcd87000 r--p 00b19000 00:12 211887                     /usr/lib/jvm/java-7-openjdk-amd64/jre/lib/amd64/server/libjvm.so
7fadfcd87000-7fadfcdaa000 rw-p 00bb3000 00:12 211887                     /usr/lib/jvm/java-7-openjdk-amd64/jre/lib/amd64/server/libjvm.so
7fadfcdaa000-7fadfcdd8000 rw-p 00000000 00:00 0 
7fadfcdd8000-7fadfcdf0000 r-xp 00000000 00:12 10283                      /lib/x86_64-linux-gnu/libz.so.1.2.8
7fadfcdf0000-7fadfcfef000 ---p 00018000 00:12 10283                      /lib/x86_64-linux-gnu/libz.so.1.2.8
7fadfcfef000-7fadfcff0000 r--p 00017000 00:12 10283                      /lib/x86_64-linux-gnu/libz.so.1.2.8
7fadfcff0000-7fadfcff1000 rw-p 00018000 00:12 10283                      /lib/x86_64-linux-gnu/libz.so.1.2.8
7fadfcff1000-7fadfd00a000 r-xp 00000000 00:12 938851                     /lib/x86_64-linux-gnu/libpthread-2.19.so
7fadfd00a000-7fadfd209000 ---p 00019000 00:12 938851                     /lib/x86_64-linux-gnu/libpthread-2.19.so
7fadfd209000-7fadfd20a000 r--p 00018000 00:12 938851                     /lib/x86_64-linux-gnu/libpthread-2.19.so
7fadfd20a000-7fadfd20b000 rw-p 00019000 00:12 938851                     /lib/x86_64-linux-gnu/libpthread-2.19.so
7fadfd20b000-7fadfd20f000 rw-p 00000000 00:00 0 
7fadfd20f000-7fadfd212000 r-xp 00000000 00:12 938850                     /lib/x86_64-linux-gnu/libdl-2.19.so
7fadfd212000-7fadfd411000 ---p 00003000 00:12 938850                     /lib/x86_64-linux-gnu/libdl-2.19.so
7fadfd411000-7fadfd412000 r--p 00002000 00:12 938850                     /lib/x86_64-linux-gnu/libdl-2.19.so
7fadfd412000-7fadfd413000 rw-p 00003000 00:12 938850                     /lib/x86_64-linux-gnu/libdl-2.19.so
7fadfd413000-7fadfd5d1000 r-xp 00000000 00:12 938840                     /lib/x86_64-linux-gnu/libc-2.19.so
7fadfd5d1000-7fadfd7d0000 ---p 001be000 00:12 938840                     /lib/x86_64-linux-gnu/libc-2.19.so
7fadfd7d0000-7fadfd7d4000 r--p 001bd000 00:12 938840                     /lib/x86_64-linux-gnu/libc-2.19.so
7fadfd7d4000-7fadfd7d6000 rw-p 001c1000 00:12 938840                     /lib/x86_64-linux-gnu/libc-2.19.so
7fadfd7d6000-7fadfd7db000 rw-p 00000000 00:00 0 
7fadfd7db000-7fadfd7e8000 r-xp 00000000 00:12 211884                     /usr/lib/jvm/java-7-openjdk-amd64/jre/lib/amd64/jli/libjli.so
7fadfd7e8000-7fadfd9e7000 ---p 0000d000 00:12 211884                     /usr/lib/jvm/java-7-openjdk-amd64/jre/lib/amd64/jli/libjli.so
7fadfd9e7000-7fadfd9e8000 r--p 0000c000 00:12 211884                     /usr/lib/jvm/java-7-openjdk-amd64/jre/lib/amd64/jli/libjli.so
7fadfd9e8000-7fadfd9e9000 rw-p 0000d000 00:12 211884                     /usr/lib/jvm/java-7-openjdk-amd64/jre/lib/amd64/jli/libjli.so
7fadfd9e9000-7fadfda0c000 r-xp 00000000 00:12 938848                     /lib/x86_64-linux-gnu/ld-2.19.so
7fadfda0c000-7fadfda0d000 r--s 00000000 00:12 215924                     /home/user/Desktop/idea-IU-171.4073.35/plugins/maven/lib/maven3/lib/javax.inject-1.jar
7fadfda0d000-7fadfda0f000 r--s 00006000 00:12 215906                     /home/user/Desktop/idea-IU-171.4073.35/plugins/maven/lib/maven3/lib/aether-spi-1.0.2.v20150114.jar
7fadfda0f000-7fadfda11000 r--s 0001a000 00:12 203014                     /home/user/Desktop/idea-IU-171.4073.35/lib/idea_rt.jar
7fadfda11000-7fadfda13000 r--s 0000b000 00:12 215893                     /home/user/Desktop/idea-IU-171.4073.35/plugins/maven/lib/maven3/boot/plexus-classworlds-2.5.2.jar
7fadfda13000-7fadfda15000 r--s 00006000 00:12 224417                     /usr/share/java/java-atk-wrapper.jar
7fadfda15000-7fadfda17000 r--s 00012000 00:12 211870                     /usr/lib/jvm/java-7-openjdk-amd64/jre/lib/ext/zipfs.jar
7fadfda17000-7fadfda1a000 r--s 0000f000 00:12 211869                     /usr/lib/jvm/java-7-openjdk-amd64/jre/lib/ext/icedtea-sound.jar
7fadfda1a000-7fadfda1e000 r--s 0003c000 00:12 211868                     /usr/lib/jvm/java-7-openjdk-amd64/jre/lib/ext/sunpkcs11.jar
7fadfda1e000-7fadfda22000 r--s 00034000 00:12 211867                     /usr/lib/jvm/java-7-openjdk-amd64/jre/lib/ext/sunjce_provider.jar
7fadfda22000-7fadfda26000 r--s 00085000 00:12 211865                     /usr/lib/jvm/java-7-openjdk-amd64/jre/lib/ext/localedata.jar
7fadfda26000-7fadfda30000 rw-p 00000000 00:00 0 
7fadfda30000-7fadfdae6000 rw-p 00000000 00:00 0 
7fadfdae6000-7fadfdae9000 ---p 00000000 00:00 0 
7fadfdae9000-7fadfdbec000 rw-p 00000000 00:00 0 
7fadfdbec000-7fadfdbed000 r--s 00008000 00:12 215902                     /home/user/Desktop/idea-IU-171.4073.35/plugins/maven/lib/maven3/lib/aether-connector-basic-1.0.2.v20150114.jar
7fadfdbed000-7fadfdbee000 r--s 00002000 00:12 211866                     /usr/lib/jvm/java-7-openjdk-amd64/jre/lib/ext/dnsns.jar
7fadfdbee000-7fadfdbff000 rw-p 00000000 00:00 0 
7fadfdbff000-7fadfdc07000 rw-s 00000000 00:12 955599                     /tmp/hsperfdata_user/3175
7fadfdc07000-7fadfdc08000 rw-p 00000000 00:00 0 
7fadfdc08000-7fadfdc09000 ---p 00000000 00:00 0 
7fadfdc09000-7fadfdc0b000 rw-p 00000000 00:00 0 
7fadfdc0b000-7fadfdc0c000 r--p 00022000 00:12 938848                     /lib/x86_64-linux-gnu/ld-2.19.so
7fadfdc0c000-7fadfdc0d000 rw-p 00023000 00:12 938848                     /lib/x86_64-linux-gnu/ld-2.19.so
7fadfdc0d000-7fadfdc0e000 rw-p 00000000 00:00 0 
7fff2ae0b000-7fff2ae2c000 rw-p 00000000 00:00 0                          [stack]
7fff2afb4000-7fff2afb6000 r--p 00000000 00:00 0                          [vvar]
7fff2afb6000-7fff2afb8000 r-xp 00000000 00:00 0                          [vdso]
ffffffffff600000-ffffffffff601000 r-xp 00000000 00:00 0                  [vsyscall]

VM Arguments:
jvm_args: -Dmaven.multiModuleProjectDirectory=/home/user/Desktop/RoutineMe -Dmaven.home=/home/user/Desktop/idea-IU-171.4073.35/plugins/maven/lib/maven3 -Dclassworlds.conf=/home/user/Desktop/idea-IU-171.4073.35/plugins/maven/lib/maven3/bin/m2.conf -javaagent:/home/user/Desktop/idea-IU-171.4073.35/lib/idea_rt.jar=35013:/home/user/Desktop/idea-IU-171.4073.35/bin -Dfile.encoding=UTF-8 
java_command: org.codehaus.classworlds.Launcher -Didea.version=2017.1.1 tomcat7:run
Launcher Type: SUN_STANDARD

Environment Variables:
PATH=/usr/local/heroku/bin:/usr/local/sbin:/usr/local/bin:/usr/sbin:/usr/bin:/sbin:/bin:/usr/games:/usr/local/games
LD_LIBRARY_PATH=.:
SHELL=/bin/bash
DISPLAY=:0.0

Signal Handlers:
SIGSEGV: [libjvm.so+0x94bab0], sa_mask[0]=0x7ffbfeff, sa_flags=0x10000004
SIGBUS: [libjvm.so+0x94bab0], sa_mask[0]=0x7ffbfeff, sa_flags=0x10000004
SIGFPE: [libjvm.so+0x7c38b0], sa_mask[0]=0x7ffbfeff, sa_flags=0x10000004
SIGPIPE: [libjvm.so+0x7c38b0], sa_mask[0]=0x7ffbfeff, sa_flags=0x10000004
SIGXFSZ: [libjvm.so+0x7c38b0], sa_mask[0]=0x7ffbfeff, sa_flags=0x10000004
SIGILL: [libjvm.so+0x7c38b0], sa_mask[0]=0x7ffbfeff, sa_flags=0x10000004
SIGUSR1: SIG_DFL, sa_mask[0]=0x00000000, sa_flags=0x00000000
SIGUSR2: [libjvm.so+0x7c3750], sa_mask[0]=0x00000004, sa_flags=0x10000004
SIGHUP: [libjvm.so+0x7c3930], sa_mask[0]=0x7ffbfeff, sa_flags=0x10000004
SIGINT: [libjvm.so+0x7c3930], sa_mask[0]=0x7ffbfeff, sa_flags=0x10000004
SIGTERM: [libjvm.so+0x7c3930], sa_mask[0]=0x7ffbfeff, sa_flags=0x10000004
SIGQUIT: [libjvm.so+0x7c3930], sa_mask[0]=0x7ffbfeff, sa_flags=0x10000004
SIGTRAP: SIG_DFL, sa_mask[0]=0x00000000, sa_flags=0x00000000


---------------  S Y S T E M  ---------------

OS:Ubuntu 14.04 (trusty)
uname:Linux 3.19.0-80-generic #88~14.04.1-Ubuntu SMP Fri Jan 13 14:54:07 UTC 2017 x86_64
libc:glibc 2.19 NPTL 2.19 
rlimit: STACK 8192k, CORE 0k, NPROC 7919, NOFILE 4096, AS infinity
load average:2.32 1.06 0.69

/proc/meminfo:
MemTotal:        2049100 kB
MemFree:           63492 kB
MemAvailable:      28304 kB
Buffers:               8 kB
Cached:            22024 kB
SwapCached:            0 kB
Active:          1879196 kB
Inactive:          12440 kB
Active(anon):    1870524 kB
Inactive(anon):     3032 kB
Active(file):       8672 kB
Inactive(file):     9408 kB
Unevictable:           0 kB
Mlocked:               0 kB
SwapTotal:             0 kB
SwapFree:              0 kB
Dirty:              1112 kB
Writeback:             0 kB
AnonPages:       1869768 kB
Mapped:             6740 kB
Shmem:              3788 kB
Slab:              43192 kB
SReclaimable:      24168 kB
SUnreclaim:        19024 kB
KernelStack:        8480 kB
PageTables:        23916 kB
NFS_Unstable:          0 kB
Bounce:                0 kB
WritebackTmp:          0 kB
CommitLimit:     1024548 kB
Committed_AS:    3651188 kB
VmallocTotal:   34359738367 kB
VmallocUsed:       77976 kB
VmallocChunk:   34359649868 kB
HardwareCorrupted:     0 kB
AnonHugePages:    522240 kB
CmaTotal:              0 kB
CmaFree:               0 kB
HugePages_Total:       0
HugePages_Free:        0
HugePages_Rsvd:        0
HugePages_Surp:        0
Hugepagesize:       2048 kB
DirectMap4k:       85952 kB
DirectMap2M:     2011136 kB


CPU:total 2 (2 cores per cpu, 1 threads per core) family 6 model 69 stepping 1, cmov, cx8, fxsr, mmx, sse, sse2, sse3, ssse3, sse4.1, sse4.2, popcnt, avx, aes, tsc, tscinvbit

/proc/cpuinfo:
processor	: 0
vendor_id	: GenuineIntel
cpu family	: 6
model		: 69
model name	: Intel(R) Core(TM) i7-4650U CPU @ 1.70GHz
stepping	: 1
microcode	: 0x19
cpu MHz		: 2299.932
cache size	: 4096 KB
physical id	: 0
siblings	: 2
core id		: 0
cpu cores	: 2
apicid		: 0
initial apicid	: 0
fpu		: yes
fpu_exception	: yes
cpuid level	: 13
wp		: yes
flags		: fpu vme de pse tsc msr pae mce cx8 apic sep mtrr pge mca cmov pat pse36 clflush mmx fxsr sse sse2 ht syscall nx rdtscp lm constant_tsc rep_good nopl xtopology nonstop_tsc pni pclmulqdq ssse3 cx16 sse4_1 sse4_2 movbe popcnt aes xsave avx rdrand lahf_lm abm
bugs		:
bogomips	: 4599.86
clflush size	: 64
cache_alignment	: 64
address sizes	: 39 bits physical, 48 bits virtual
power management:

processor	: 1
vendor_id	: GenuineIntel
cpu family	: 6
model		: 69
model name	: Intel(R) Core(TM) i7-4650U CPU @ 1.70GHz
stepping	: 1
microcode	: 0x19
cpu MHz		: 2299.932
cache size	: 4096 KB
physical id	: 0
siblings	: 2
core id		: 1
cpu cores	: 2
apicid		: 1
initial apicid	: 1
fpu		: yes
fpu_exception	: yes
cpuid level	: 13
wp		: yes
flags		: fpu vme de pse tsc msr pae mce cx8 apic sep mtrr pge mca cmov pat pse36 clflush mmx fxsr sse sse2 ht syscall nx rdtscp lm constant_tsc rep_good nopl xtopology nonstop_tsc pni pclmulqdq ssse3 cx16 sse4_1 sse4_2 movbe popcnt aes xsave avx rdrand lahf_lm abm
bugs		:
bogomips	: 4599.86
clflush size	: 64
cache_alignment	: 64
address sizes	: 39 bits physical, 48 bits virtual
power management:



Memory: 4k page, physical 2049100k(63660k free), swap 0k(0k free)

vm_info: OpenJDK 64-Bit Server VM (24.79-b02) for linux-amd64 JRE (1.7.0_79-b14), built on Jul 24 2015 08:15:54 by "buildd" with gcc 4.8.2

time: Sat Apr 29 09:44:51 2017
elapsed time: 11 seconds

